  Board.cpp
D:\jackt\Documents\Coding Projects\Pokemon-2048\Pokemon 2048\Tile.h(19,30): warning C4305: 'initializing': truncation from 'double' to 'float'
  (compiling source file 'Board.cpp')
  
D:\jackt\Documents\Coding Projects\Pokemon-2048\Pokemon 2048\Board.cpp(9,12): warning C4244: 'argument': conversion from 'time_t' to 'unsigned int', possible loss of data
D:\jackt\Documents\Coding Projects\Pokemon-2048\Pokemon 2048\Board.cpp(54,36): warning C4244: 'argument': conversion from 'int' to 'float', possible loss of data
D:\jackt\Documents\Coding Projects\Pokemon-2048\Pokemon 2048\Board.cpp(54,33): warning C4244: 'argument': conversion from 'int' to 'float', possible loss of data
D:\jackt\Documents\Coding Projects\Pokemon-2048\Pokemon 2048\Board.cpp(95,36): warning C4244: 'argument': conversion from 'int' to 'float', possible loss of data
D:\jackt\Documents\Coding Projects\Pokemon-2048\Pokemon 2048\Board.cpp(95,33): warning C4244: 'argument': conversion from 'int' to 'float', possible loss of data
D:\jackt\Documents\Coding Projects\Pokemon-2048\Pokemon 2048\Board.cpp(136,36): warning C4244: 'argument': conversion from 'int' to 'float', possible loss of data
D:\jackt\Documents\Coding Projects\Pokemon-2048\Pokemon 2048\Board.cpp(136,33): warning C4244: 'argument': conversion from 'int' to 'float', possible loss of data
D:\jackt\Documents\Coding Projects\Pokemon-2048\Pokemon 2048\Board.cpp(177,36): warning C4244: 'argument': conversion from 'int' to 'float', possible loss of data
D:\jackt\Documents\Coding Projects\Pokemon-2048\Pokemon 2048\Board.cpp(177,33): warning C4244: 'argument': conversion from 'int' to 'float', possible loss of data
  Pokemon 2048.cpp
D:\jackt\Documents\Coding Projects\Pokemon-2048\Pokemon 2048\Tile.h(19,30): warning C4305: 'initializing': truncation from 'double' to 'float'
  (compiling source file 'Pokemon%202048.cpp')
  
  Tile.cpp
D:\jackt\Documents\Coding Projects\Pokemon-2048\Pokemon 2048\Tile.h(19,30): warning C4305: 'initializing': truncation from 'double' to 'float'
  (compiling source file 'Tile.cpp')
  
D:\jackt\Documents\Coding Projects\Pokemon-2048\Pokemon 2048\Tile.cpp(29,23): warning C4305: '=': truncation from 'double' to 'float'
D:\jackt\Documents\Coding Projects\Pokemon-2048\Pokemon 2048\Tile.cpp(63,15): warning C4244: 'initializing': conversion from 'float' to 'int', possible loss of data
D:\jackt\Documents\Coding Projects\Pokemon-2048\Pokemon 2048\Tile.cpp(64,15): warning C4244: 'initializing': conversion from 'float' to 'int', possible loss of data
D:\jackt\Documents\Coding Projects\Pokemon-2048\Pokemon 2048\Tile.cpp(67,18): warning C4244: 'initializing': conversion from 'float' to 'int', possible loss of data
D:\jackt\Documents\Coding Projects\Pokemon-2048\Pokemon 2048\Tile.cpp(68,18): warning C4244: 'initializing': conversion from 'float' to 'int', possible loss of data
D:\jackt\Documents\Coding Projects\Pokemon-2048\Pokemon 2048\Tile.cpp(75,30): warning C4305: '-=': truncation from 'double' to 'float'
D:\jackt\Documents\Coding Projects\Pokemon-2048\Pokemon 2048\Tile.cpp(79,129): warning C4244: 'argument': conversion from 'float' to 'int', possible loss of data
D:\jackt\Documents\Coding Projects\Pokemon-2048\Pokemon 2048\Tile.cpp(79,103): warning C4244: 'argument': conversion from 'float' to 'int', possible loss of data
D:\jackt\Documents\Coding Projects\Pokemon-2048\Pokemon 2048\Tile.cpp(79,63): warning C4244: 'argument': conversion from 'float' to 'int', possible loss of data
D:\jackt\Documents\Coding Projects\Pokemon-2048\Pokemon 2048\Tile.cpp(79,22): warning C4244: 'argument': conversion from 'float' to 'int', possible loss of data
D:\jackt\Documents\Coding Projects\Pokemon-2048\Pokemon 2048\Tile.cpp(80,67): warning C4244: 'argument': conversion from 'float' to 'int', possible loss of data
D:\jackt\Documents\Coding Projects\Pokemon-2048\Pokemon 2048\Tile.cpp(81,30): warning C4305: '+=': truncation from 'double' to 'float'
LINK : warning LNK4098: defaultlib 'MSVCRTD' conflicts with use of other libs; use /NODEFAULTLIB:library
  Generating code
  Previous IPDB not found, fall back to full compilation.
  All 97 functions were compiled because no usable IPDB/IOBJ from previous compilation was found.
  Finished generating code
  Pokemon 2048.vcxproj -> D:\jackt\Documents\Coding Projects\Pokemon-2048\x64\Release\Pokemon 2048.exe
